<?xml version="1.0" encoding="UTF-8"?>
<!-- Generated by org.testng.reporters.JUnitReportReporter -->
<testsuite skipped="0" hostname="LAPTOP-1JUECOBG" name="com.crm.testcases.ContactPageTest" tests="2" failures="0" timestamp="24 Aug 2021 10:00:02 GMT" time="32.201" errors="0">
  <testcase name="verifyContactsLabel" time="16.683" classname="com.crm.testcases.ContactPageTest"/>
  <testcase name="selectContact" time="15.518" classname="com.crm.testcases.ContactPageTest"/>
</testsuite> <!-- com.crm.testcases.ContactPageTest -->
