<?xml version="1.0" encoding="UTF-8"?>
<!-- Generated by org.testng.reporters.JUnitReportReporter -->
<testsuite skipped="0" hostname="LAPTOP-1JUECOBG" name="com.crm.testcases.HomePageTest" tests="3" failures="0" timestamp="24 Aug 2021 10:00:02 GMT" time="40.859" errors="0">
  <testcase name="verifyhomePageTitle" time="13.333" classname="com.crm.testcases.HomePageTest"/>
  <testcase name="verifyUserDisplayed" time="13.739" classname="com.crm.testcases.HomePageTest"/>
  <testcase name="verifyContactsLink" time="13.787" classname="com.crm.testcases.HomePageTest"/>
</testsuite> <!-- com.crm.testcases.HomePageTest -->
